<?xml version="1.0" encoding="UTF-8"?>
<!-- Generated by org.testng.reporters.JUnitReportReporter -->
<testsuite name="IBMSampleTests.SampleTestNG" tests="1" time="104.063" ignored="0" failures="0" timestamp="10 Sep 2017 14:37:16 GMT" skipped="0" hostname="MQCSERVER" errors="0">
  <testcase name="f" time="104.063" classname="IBMSampleTests.SampleTestNG"/>
</testsuite> <!-- IBMSampleTests.SampleTestNG -->
